[06:44:30] [ServerMain/INFO]: Environment: Environment[sessionHost=https://sessionserver.mojang.com, servicesHost=https://api.minecraftservices.com, name=PROD]
[06:44:32] [ServerMain/INFO]: Loaded 1290 recipes
[06:44:32] [ServerMain/INFO]: Loaded 1399 advancements
[06:44:32] [Server thread/INFO]: Starting minecraft server version 1.21
[06:44:32] [Server thread/INFO]: Loading properties
[06:44:32] [Server thread/INFO]: Default game type: SURVIVAL
[06:44:32] [Server thread/INFO]: Generating keypair
[06:44:32] [Server thread/INFO]: Starting Minecraft server on *:25565
[06:44:32] [Server thread/INFO]: Using epoll channel type
[06:44:32] [Server thread/WARN]: **** SERVER IS RUNNING IN OFFLINE/INSECURE MODE!
[06:44:32] [Server thread/WARN]: The server will make no attempt to authenticate usernames. Beware.
[06:44:32] [Server thread/WARN]: While this makes the game possible to play without internet access, it also opens up the ability for hackers to connect with any username they choose.
[06:44:32] [Server thread/WARN]: To change this, set "online-mode" to "true" in the server.properties file.
[06:44:32] [Server thread/INFO]: Preparing level "world"
[06:44:35] [Server thread/INFO]: Preparing start region for dimension minecraft:overworld
[06:44:35] [Worker-Main-2/INFO]: Preparing spawn area: 0%
[06:44:35] [Server thread/INFO]: Time elapsed: 529 ms
[06:44:35] [Server thread/INFO]: Done (2.935s)! For help, type "help"
[06:45:08] [Server thread/INFO]: Skorpi0[/[0:0:0:0:0:0:0:1%0]:40526] logged in with entity id 8 at (618.3879221059755, 70.0, 634.93295090744)
[06:45:08] [Server thread/INFO]: Skorpi0 joined the game
[07:05:54] [Server thread/INFO]: [Skorpi0: Stopping the server]
[07:05:54] [Server thread/INFO]: Stopping server
[07:05:54] [Server thread/INFO]: Saving players
[07:05:54] [Server thread/INFO]: Skorpi0 lost connection: Server closed
[07:05:54] [Server thread/INFO]: Skorpi0 left the game
[07:05:54] [Server thread/INFO]: Saving worlds
[07:05:54] [Server thread/INFO]: Saving chunks for level 'ServerLevel[world]'/minecraft:overworld
[07:05:56] [Server thread/INFO]: Saving chunks for level 'ServerLevel[world]'/minecraft:the_nether
[07:05:56] [Server thread/INFO]: Saving chunks for level 'ServerLevel[world]'/minecraft:the_end
[07:05:56] [Server thread/INFO]: ThreadedAnvilChunkStorage (world): All chunks are saved
[07:05:56] [Server thread/INFO]: ThreadedAnvilChunkStorage (DIM-1): All chunks are saved
[07:05:56] [Server thread/INFO]: ThreadedAnvilChunkStorage (DIM1): All chunks are saved
[07:05:56] [Server thread/INFO]: ThreadedAnvilChunkStorage: All dimensions are saved
